\BOOKMARK [0][-]{chapter.1}{\376\377\000t\000o\000d\000o\000\040\000p\000a\000c\000k\000a\000g\000e}{}% 1
\BOOKMARK [1][-]{section.1.1}{\376\377\000S\000u\000b\000p\000a\000c\000k\000a\000g\000e\000s}{chapter.1}% 2
\BOOKMARK [2][-]{subsection.1.1.1}{\376\377\000t\000o\000d\000o\000.\000m\000i\000g\000r\000a\000t\000i\000o\000n\000s\000\040\000p\000a\000c\000k\000a\000g\000e}{section.1.1}% 3
\BOOKMARK [3][-]{subsubsection*.3}{\376\377\000S\000u\000b\000m\000o\000d\000u\000l\000e\000s}{subsection.1.1.1}% 4
\BOOKMARK [3][-]{subsubsection*.4}{\376\377\000t\000o\000d\000o\000.\000m\000i\000g\000r\000a\000t\000i\000o\000n\000s\000.\0000\0000\0000\0001\000\137\000i\000n\000i\000t\000i\000a\000l\000\040\000m\000o\000d\000u\000l\000e}{subsection.1.1.1}% 5
\BOOKMARK [3][-]{subsubsection*.9}{\376\377\000t\000o\000d\000o\000.\000m\000i\000g\000r\000a\000t\000i\000o\000n\000s\000.\0000\0000\0000\0002\000\137\000a\000l\000t\000e\000r\000\137\000t\000a\000s\000k\000\137\000o\000p\000t\000i\000o\000n\000s\000\040\000m\000o\000d\000u\000l\000e}{subsection.1.1.1}% 6
\BOOKMARK [3][-]{subsubsection*.13}{\376\377\000M\000o\000d\000u\000l\000e\000\040\000c\000o\000n\000t\000e\000n\000t\000s}{subsection.1.1.1}% 7
\BOOKMARK [1][-]{section.1.2}{\376\377\000S\000u\000b\000m\000o\000d\000u\000l\000e\000s}{chapter.1}% 8
\BOOKMARK [1][-]{section.1.3}{\376\377\000t\000o\000d\000o\000.\000a\000d\000m\000i\000n\000\040\000m\000o\000d\000u\000l\000e}{chapter.1}% 9
\BOOKMARK [1][-]{section.1.4}{\376\377\000t\000o\000d\000o\000.\000a\000p\000p\000s\000\040\000m\000o\000d\000u\000l\000e}{chapter.1}% 10
\BOOKMARK [1][-]{section.1.5}{\376\377\000t\000o\000d\000o\000.\000m\000o\000d\000e\000l\000s\000\040\000m\000o\000d\000u\000l\000e}{chapter.1}% 11
\BOOKMARK [1][-]{section.1.6}{\376\377\000t\000o\000d\000o\000.\000t\000e\000s\000t\000s\000\040\000m\000o\000d\000u\000l\000e}{chapter.1}% 12
\BOOKMARK [1][-]{section.1.7}{\376\377\000t\000o\000d\000o\000.\000u\000r\000l\000s\000\040\000m\000o\000d\000u\000l\000e}{chapter.1}% 13
\BOOKMARK [1][-]{section.1.8}{\376\377\000t\000o\000d\000o\000.\000v\000i\000e\000w\000s\000\040\000m\000o\000d\000u\000l\000e}{chapter.1}% 14
\BOOKMARK [1][-]{section.1.9}{\376\377\000M\000o\000d\000u\000l\000e\000\040\000c\000o\000n\000t\000e\000n\000t\000s}{chapter.1}% 15
\BOOKMARK [0][-]{chapter.2}{\376\377\000t\000o\000d\000o\000l\000i\000s\000t\000\040\000p\000a\000c\000k\000a\000g\000e}{}% 16
\BOOKMARK [1][-]{section.2.1}{\376\377\000S\000u\000b\000m\000o\000d\000u\000l\000e\000s}{chapter.2}% 17
\BOOKMARK [1][-]{section.2.2}{\376\377\000t\000o\000d\000o\000l\000i\000s\000t\000.\000a\000s\000g\000i\000\040\000m\000o\000d\000u\000l\000e}{chapter.2}% 18
\BOOKMARK [1][-]{section.2.3}{\376\377\000t\000o\000d\000o\000l\000i\000s\000t\000.\000s\000e\000t\000t\000i\000n\000g\000s\000\040\000m\000o\000d\000u\000l\000e}{chapter.2}% 19
\BOOKMARK [1][-]{section.2.4}{\376\377\000t\000o\000d\000o\000l\000i\000s\000t\000.\000u\000r\000l\000s\000\040\000m\000o\000d\000u\000l\000e}{chapter.2}% 20
\BOOKMARK [1][-]{section.2.5}{\376\377\000t\000o\000d\000o\000l\000i\000s\000t\000.\000w\000s\000g\000i\000\040\000m\000o\000d\000u\000l\000e}{chapter.2}% 21
\BOOKMARK [1][-]{section.2.6}{\376\377\000M\000o\000d\000u\000l\000e\000\040\000c\000o\000n\000t\000e\000n\000t\000s}{chapter.2}% 22
\BOOKMARK [0][-]{chapter.3}{\376\377\000t\000o\000d\000o\000l\000i\000s\000t}{}% 23
\BOOKMARK [0][-]{chapter.4}{\376\377\000I\000n\000d\000i\000c\000e\000s\000\040\000a\000n\000d\000\040\000t\000a\000b\000l\000e\000s}{}% 24
\BOOKMARK [0][-]{section*.42}{\376\377\000P\000y\000t\000h\000o\000n\000\040\000M\000o\000d\000u\000l\000e\000\040\000I\000n\000d\000e\000x}{}% 25
\BOOKMARK [0][-]{section*.43}{\376\377\000I\000n\000d\000e\000x}{}% 26
